#
# A fatal error has been detected by the Java Runtime Environment:
#
#  EXCEPTION_ACCESS_VIOLATION (0xc0000005) at pc=0x00007ffa7da9e569, pid=5332, tid=0x0000000000002740
#
# JRE version: Java(TM) SE Runtime Environment (8.0_92-b14) (build 1.8.0_92-b14)
# Java VM: Java HotSpot(TM) 64-Bit Server VM (25.92-b14 mixed mode windows-amd64 compressed oops)
# Problematic frame:
# C  [JCudaRuntime-windows-x86_64.dll+0x6e569]
#
# Failed to write core dump. Minidumps are not enabled by default on client versions of Windows
#
# If you would like to submit a bug report, please visit:
#   http://bugreport.java.com/bugreport/crash.jsp
# The crash happened outside the Java Virtual Machine in native code.
# See problematic frame for where to report the bug.
#

---------------  T H R E A D  ---------------

Current thread (0x0000000002a6e000):  JavaThread "main" [_thread_in_native, id=10048, stack(0x0000000002960000,0x0000000002a60000)]

siginfo: ExceptionCode=0xc0000005, reading address 0x000000002e110000

Registers:
RAX=0x000000002e414e94, RBX=0x0000000028a4c320, RCX=0x0000000000304e94, RDX=0xfffffffffc66e610
RSP=0x0000000002a5f3c8, RBP=0x00000000007a5088, RSI=0x000000002e110000, RDI=0x0000000031aa19f0
R8 =0x00000000003d2844, R9 =0x0000000028a4c3a0, R10=0x000000002e042650, R11=0x00000000319d4040
R12=0x0000000000000000, R13=0x00000000003d2844, R14=0x000000002e042650, R15=0x0000000002a6e000
RIP=0x00007ffa7da9e569, EFLAGS=0x0000000000010217

Top of Stack: (sp=0x0000000002a5f3c8)
0x0000000002a5f3c8:   00000000319d4040 00000000003d2844
0x0000000002a5f3d8:   00007ffa7da5adbf 0000000000000000
0x0000000002a5f3e8:   0000000000000000 0000000059a98198
0x0000000002a5f3f8:   00007ffa7da5ad54 0000000002a5f658
0x0000000002a5f408:   0000000000000000 000000002e042650
0x0000000002a5f418:   00007ffa7da487a8 0000000000000000
0x0000000002a5f428:   00000000003d2844 0000000000000000
0x0000000002a5f438:   000000002e042650 0000000000000000
0x0000000002a5f448:   00000000003d2844 0000000002a5f4d9
0x0000000002a5f458:   00007ffa7da36aa4 0000000028a4bf00
0x0000000002a5f468:   0000000028a40830 0000000002a5f4b0
0x0000000002a5f478:   0000000025633020 0000000000000000
0x0000000002a5f488:   cccccccccccccccc cccccccccccccccc
0x0000000002a5f498:   cccccccccccccccc cccccccccccccccc
0x0000000002a5f4a8:   cccccccccccccccc 0000000002a5f500
0x0000000002a5f4b8:   00007ffa7da9c704 0000000000000006 

Instructions: (pc=0x00007ffa7da9e569)
0x00007ffa7da9e549:   03 c0 48 3b c8 0f 8c 96 03 00 00 0f ba 25 1c f3
0x00007ffa7da9e559:   0b 00 01 73 13 57 56 48 8b f9 49 8b f2 49 8b c8
0x00007ffa7da9e569:   f3 a4 5e 5f 49 8b c3 c3 0f ba 25 ff f2 0b 00 02
0x00007ffa7da9e579:   0f 82 56 02 00 00 f6 c1 07 74 36 f6 c1 01 74 0b 


Register to memory mapping:

RAX=0x000000002e414e94 is an unknown value
RBX=0x0000000028a4c320 is an unknown value
RCX=0x0000000000304e94 is an unknown value
RDX=0xfffffffffc66e610 is an unknown value
RSP=0x0000000002a5f3c8 is pointing into the stack for thread: 0x0000000002a6e000
RBP=0x00000000007a5088 is an unknown value
RSI=0x000000002e110000 is an unknown value
RDI=0x0000000031aa19f0 is an unknown value
R8 =0x00000000003d2844 is an unknown value
R9 =0x0000000028a4c3a0 is an unknown value
R10=0x000000002e042650 is an unknown value
R11=0x00000000319d4040 is an unknown value
R12=0x0000000000000000 is an unknown value
R13=0x00000000003d2844 is an unknown value
R14=0x000000002e042650 is an unknown value
R15=0x0000000002a6e000 is a thread


Stack: [0x0000000002960000,0x0000000002a60000],  sp=0x0000000002a5f3c8,  free space=1020k
Native frames: (J=compiled Java code, j=interpreted, Vv=VM code, C=native code)
C  [JCudaRuntime-windows-x86_64.dll+0x6e569]
C  0x00000000319d4040

Java frames: (J=compiled Java code, j=interpreted, Vv=VM code)
j  jcuda.runtime.JCuda.cudaSetupArgumentNative(Ljcuda/Pointer;JJ)I+0
j  jcuda.runtime.JCuda.cudaSetupArgument(Ljcuda/Pointer;JJ)I+3
j  com.github.redstonevalley.arttree.jcuda.kernels.TreeArtJcudaOperator.execute(Lcom/github/redstonevalley/arttree/jcuda/CudaDevice;[Ljcuda/runtime/cudaArray;)Ljcuda/runtime/cudaArray;+75
j  com.github.redstonevalley.arttree.jcuda.TreeArtJcudaApp.main([Ljava/lang/String;)V+77
v  ~StubRoutines::call_stub

---------------  P R O C E S S  ---------------

Java Threads: ( => current thread )
  0x0000000027b94000 JavaThread "Service Thread" daemon [_thread_blocked, id=5160, stack(0x00000000286d0000,0x00000000287d0000)]
  0x0000000027b1a000 JavaThread "C1 CompilerThread3" daemon [_thread_blocked, id=5944, stack(0x00000000285d0000,0x00000000286d0000)]
  0x0000000027b13000 JavaThread "C2 CompilerThread2" daemon [_thread_blocked, id=12744, stack(0x00000000284d0000,0x00000000285d0000)]
  0x0000000027b0f000 JavaThread "C2 CompilerThread1" daemon [_thread_blocked, id=8056, stack(0x00000000283d0000,0x00000000284d0000)]
  0x0000000027b0b800 JavaThread "C2 CompilerThread0" daemon [_thread_blocked, id=12368, stack(0x00000000282d0000,0x00000000283d0000)]
  0x0000000027b0a000 JavaThread "Attach Listener" daemon [_thread_blocked, id=10624, stack(0x00000000281d0000,0x00000000282d0000)]
  0x0000000025c1e000 JavaThread "Signal Dispatcher" daemon [_thread_blocked, id=2472, stack(0x00000000280d0000,0x00000000281d0000)]
  0x0000000027b00800 JavaThread "Finalizer" daemon [_thread_blocked, id=12348, stack(0x0000000027ee0000,0x0000000027fe0000)]
  0x0000000002b87000 JavaThread "Reference Handler" daemon [_thread_blocked, id=10924, stack(0x00000000279e0000,0x0000000027ae0000)]
=>0x0000000002a6e000 JavaThread "main" [_thread_in_native, id=10048, stack(0x0000000002960000,0x0000000002a60000)]

Other Threads:
  0x0000000025c09000 VMThread [stack: 0x00000000278e0000,0x00000000279e0000] [id=12844]
  0x0000000027be6800 WatcherThread [stack: 0x00000000287d0000,0x00000000288d0000] [id=5976]

VM state:not at safepoint (normal execution)

VM Mutex/Monitor currently owned by a thread: None

Heap:
 PSYoungGen      total 153088K, used 5263K [0x0000000715b80000, 0x0000000720600000, 0x00000007c0000000)
  eden space 131584K, 4% used [0x0000000715b80000,0x00000007160a3d98,0x000000071dc00000)
  from space 21504K, 0% used [0x000000071f100000,0x000000071f100000,0x0000000720600000)
  to   space 21504K, 0% used [0x000000071dc00000,0x000000071dc00000,0x000000071f100000)
 ParOldGen       total 349696K, used 0K [0x00000005c1200000, 0x00000005d6780000, 0x0000000715b80000)
  object space 349696K, 0% used [0x00000005c1200000,0x00000005c1200000,0x00000005d6780000)
 Metaspace       used 3738K, capacity 4896K, committed 5120K, reserved 1056768K
  class space    used 422K, capacity 464K, committed 512K, reserved 1048576K

Card table byte_map: [0x0000000011f60000,0x0000000012f60000] byte_map_base: 0x000000000f157000

Marking Bits: (ParMarkBitMap*) 0x0000000059aa64f0
 Begin Bits: [0x0000000014210000, 0x000000001c1c8000)
 End Bits:   [0x000000001c1c8000, 0x0000000024180000)

Polling page: 0x0000000002a70000

CodeCache: size=245760Kb used=1334Kb max_used=1334Kb free=244426Kb
 bounds [0x0000000002ba0000, 0x0000000002e10000, 0x0000000011ba0000]
 total_blobs=403 nmethods=130 adapters=186
 compilation: enabled

Compilation events (10 events):
Event: 0.287 Thread 0x0000000027b1a000  126   !   3       java.lang.ref.ReferenceQueue::poll (28 bytes)
Event: 0.287 Thread 0x0000000027b1a000 nmethod 126 0x0000000002ceb910 code [0x0000000002ceba80, 0x0000000002cebe08]
Event: 0.288 Thread 0x0000000027b1a000  127       3       java.lang.String::indexOf (7 bytes)
Event: 0.288 Thread 0x0000000027b1a000 nmethod 127 0x0000000002cebf10 code [0x0000000002cec080, 0x0000000002cec308]
Event: 0.288 Thread 0x0000000027b1a000  128   !   3       java.util.zip.ZipFile::getEntry (86 bytes)
Event: 0.288 Thread 0x0000000027b1a000 nmethod 128 0x0000000002cec490 code [0x0000000002cec660, 0x0000000002ceccb8]
Event: 0.288 Thread 0x0000000027b1a000  129       3       java.util.zip.Inflater::ensureOpen (47 bytes)
Event: 0.288 Thread 0x0000000027b1a000 nmethod 129 0x0000000002cecf90 code [0x0000000002ced100, 0x0000000002ced3e8]
Event: 0.291 Thread 0x0000000027b1a000  130       3       java.util.concurrent.ConcurrentHashMap$Node::<init> (26 bytes)
Event: 0.291 Thread 0x0000000027b1a000 nmethod 130 0x0000000002ced510 code [0x0000000002ced660, 0x0000000002ced870]

GC Heap History (0 events):
No events

Deoptimization events (0 events):
No events

Internal exceptions (10 events):
Event: 0.016 Thread 0x0000000002a6e000 Exception <a 'java/lang/NoSuchMethodError': Method sun.misc.Unsafe.defineClass(Ljava/lang/String;[BII)Ljava/lang/Class; name or signature does not match> (0x0000000715b87cc0) thrown at [D:\re\workspace\8-2-build-windows-amd64-cygwin\jdk8u92\6642\hotspot\sruD·„áYê?
Event: 0.016 Thread 0x0000000002a6e000 Exception <a 'java/lang/NoSuchMethodError': Method sun.misc.Unsafe.prefetchRead(Ljava/lang/Object;J)V name or signature does not match> (0x0000000715b87fa8) thrown at [D:\re\workspace\8-2-build-windows-amd64-cygwin\jdk8u92\6642\hotspot\src\share\vm\prims\j’”—jØ,´?
Event: 0.053 Thread 0x0000000002a6e000 Exception <a 'java/security/PrivilegedActionException'> (0x0000000715c626f8) thrown at [D:\re\workspace\8-2-build-windows-amd64-cygwin\jdk8u92\6642\hotspot\src\share\vm\prims\jvm.cpp, line 1386]
Event: 0.053 Thread 0x0000000002a6e000 Exception <a 'java/security/PrivilegedActionException'> (0x0000000715c62908) thrown at [D:\re\workspace\8-2-build-windows-amd64-cygwin\jdk8u92\6642\hotspot\src\share\vm\prims\jvm.cpp, line 1386]
Event: 0.053 Thread 0x0000000002a6e000 Exception <a 'java/security/PrivilegedActionException'> (0x0000000715c664b0) thrown at [D:\re\workspace\8-2-build-windows-amd64-cygwin\jdk8u92\6642\hotspot\src\share\vm\prims\jvm.cpp, line 1386]
Event: 0.053 Thread 0x0000000002a6e000 Exception <a 'java/security/PrivilegedActionException'> (0x0000000715c666c0) thrown at [D:\re\workspace\8-2-build-windows-amd64-cygwin\jdk8u92\6642\hotspot\src\share\vm\prims\jvm.cpp, line 1386]
Event: 0.055 Thread 0x0000000002a6e000 Exception <a 'java/util/zip/ZipException'> (0x0000000715c792b8) thrown at [D:\re\workspace\8-2-build-windows-amd64-cygwin\jdk8u92\6642\hotspot\src\share\vm\prims\jni.cpp, line 709]
Event: 0.056 Thread 0x0000000002a6e000 Exception <a 'java/util/zip/ZipException'> (0x0000000715c7e2a8) thrown at [D:\re\workspace\8-2-build-windows-amd64-cygwin\jdk8u92\6642\hotspot\src\share\vm\prims\jni.cpp, line 709]
Event: 0.056 Thread 0x0000000002a6e000 Exception <a 'java/util/zip/ZipException'> (0x0000000715c80998) thrown at [D:\re\workspace\8-2-build-windows-amd64-cygwin\jdk8u92\6642\hotspot\src\share\vm\prims\jni.cpp, line 709]
Event: 0.056 Thread 0x0000000002a6e000 Exception <a 'java/util/zip/ZipException'> (0x0000000715c84438) thrown at [D:\re\workspace\8-2-build-windows-amd64-cygwin\jdk8u92\6642\hotspot\src\share\vm\prims\jni.cpp, line 709]

Events (10 events):
Event: 0.288 loading class jcuda/driver/CUDA_TEXTURE_DESC
Event: 0.288 loading class jcuda/driver/CUDA_TEXTURE_DESC done
Event: 0.288 loading class jcuda/driver/CUdevice
Event: 0.288 loading class jcuda/driver/CUdevice done
Event: 0.288 loading class jcuda/driver/CUoccupancyB2DSize
Event: 0.288 loading class jcuda/driver/CUoccupancyB2DSize done
Event: 0.291 loading class jcuda/driver/CUfunction
Event: 0.291 loading class jcuda/driver/CUfunction done
Event: 0.292 loading class java/nio/HeapLongBuffer
Event: 0.292 loading class java/nio/HeapLongBuffer done


Dynamic libraries:
0x00007ff790940000 - 0x00007ff790977000 	C:\Program Files\Java\jre1.8.0_92\bin\javaw.exe
0x00007ffaa3f70000 - 0x00007ffaa4131000 	C:\WINDOWS\SYSTEM32\ntdll.dll
0x00007ffaa2a90000 - 0x00007ffaa2b3d000 	C:\WINDOWS\system32\KERNEL32.DLL
0x00007ffa8efd0000 - 0x00007ffa8f003000 	C:\Program Files (x86)\AVG\Av\avghooka.dll
0x00007ffa9f4a0000 - 0x00007ffa9f688000 	C:\WINDOWS\system32\KERNELBASE.dll
0x00007ffaa29e0000 - 0x00007ffaa2a87000 	C:\WINDOWS\system32\ADVAPI32.dll
0x00007ffaa0a60000 - 0x00007ffaa0afd000 	C:\WINDOWS\system32\msvcrt.dll
0x00007ffaa05f0000 - 0x00007ffaa064b000 	C:\WINDOWS\system32\sechost.dll
0x00007ffaa2490000 - 0x00007ffaa25ac000 	C:\WINDOWS\system32\RPCRT4.dll
0x00007ffaa0650000 - 0x00007ffaa07a6000 	C:\WINDOWS\system32\USER32.dll
0x00007ffaa22a0000 - 0x00007ffaa2426000 	C:\WINDOWS\system32\GDI32.dll
0x00007ffa9a060000 - 0x00007ffa9a2d4000 	C:\WINDOWS\WinSxS\amd64_microsoft.windows.common-controls_6595b64144ccf1df_6.0.10586.589_none_a2ddb3caa539acce\COMCTL32.dll
0x00007ffaa0360000 - 0x00007ffaa05dd000 	C:\WINDOWS\system32\combase.dll
0x00007ffa9f690000 - 0x00007ffa9f6fa000 	C:\WINDOWS\system32\bcryptPrimitives.dll
0x00007ffaa2b40000 - 0x00007ffaa2b7b000 	C:\WINDOWS\system32\IMM32.DLL
0x0000000058ff0000 - 0x00000000590c2000 	C:\Program Files\Java\jre1.8.0_92\bin\msvcr100.dll
0x0000000059290000 - 0x0000000059b26000 	C:\Program Files\Java\jre1.8.0_92\bin\server\jvm.dll
0x00007ffaa2220000 - 0x00007ffaa2228000 	C:\WINDOWS\system32\PSAPI.DLL
0x00007ffa89490000 - 0x00007ffa89499000 	C:\WINDOWS\SYSTEM32\WSOCK32.dll
0x00007ffaa2230000 - 0x00007ffaa229b000 	C:\WINDOWS\system32\WS2_32.dll
0x00007ffa9d1a0000 - 0x00007ffa9d1c3000 	C:\WINDOWS\SYSTEM32\WINMM.dll
0x00007ffa9bd00000 - 0x00007ffa9bd0a000 	C:\WINDOWS\SYSTEM32\VERSION.dll
0x00007ffa9d130000 - 0x00007ffa9d15c000 	C:\WINDOWS\SYSTEM32\WINMMBASE.dll
0x00007ffa9f450000 - 0x00007ffa9f493000 	C:\WINDOWS\system32\cfgmgr32.dll
0x00000000591a0000 - 0x00000000591af000 	C:\Program Files\Java\jre1.8.0_92\bin\verify.dll
0x0000000059170000 - 0x0000000059199000 	C:\Program Files\Java\jre1.8.0_92\bin\java.dll
0x0000000059150000 - 0x0000000059166000 	C:\Program Files\Java\jre1.8.0_92\bin\zip.dll
0x00007ffaa0b00000 - 0x00007ffaa205c000 	C:\WINDOWS\system32\SHELL32.dll
0x00007ffa9f810000 - 0x00007ffa9fe55000 	C:\WINDOWS\system32\windows.storage.dll
0x00007ffaa2060000 - 0x00007ffaa20b2000 	C:\WINDOWS\system32\shlwapi.dll
0x00007ffa9f280000 - 0x00007ffa9f28f000 	C:\WINDOWS\system32\kernel.appcore.dll
0x00007ffa9f2e0000 - 0x00007ffa9f395000 	C:\WINDOWS\system32\shcore.dll
0x00007ffa9f290000 - 0x00007ffa9f2db000 	C:\WINDOWS\system32\powrprof.dll
0x00007ffa9f250000 - 0x00007ffa9f264000 	C:\WINDOWS\system32\profapi.dll
0x00007ffa7da30000 - 0x00007ffa7db70000 	C:\Users\cryoc\workspace\TreeArtJcuda\lib\JCudaRuntime-windows-x86_64.dll
0x00007ffa6e400000 - 0x00007ffa6eddb000 	C:\WINDOWS\system32\nvcuda.dll
0x00007ffaa25b0000 - 0x00007ffaa29d9000 	C:\WINDOWS\system32\SETUPAPI.dll
0x00007ffa7d980000 - 0x00007ffa7da2c000 	C:\WINDOWS\SYSTEM32\nvfatbinaryLoader.dll
0x00007ffa9d9a0000 - 0x00007ffa9da36000 	C:\WINDOWS\system32\uxtheme.dll
0x00007ffa71250000 - 0x00007ffa71643000 	C:\WINDOWS\system32\nvapi64.dll
0x00007ffaa07b0000 - 0x00007ffaa08f3000 	C:\WINDOWS\system32\ole32.dll
0x00007ffa9cc80000 - 0x00007ffa9cd22000 	C:\WINDOWS\SYSTEM32\dxgi.dll
0x00007ffa9da40000 - 0x00007ffa9da67000 	C:\WINDOWS\SYSTEM32\DEVOBJ.dll
0x00007ffa9f700000 - 0x00007ffa9f755000 	C:\WINDOWS\system32\WINTRUST.dll
0x00007ffa9f270000 - 0x00007ffa9f280000 	C:\WINDOWS\system32\MSASN1.dll
0x00007ffa9fe60000 - 0x00007ffaa0028000 	C:\WINDOWS\system32\CRYPT32.dll
0x00007ffa7b240000 - 0x00007ffa7b323000 	C:\Users\cryoc\workspace\TreeArtJcuda\lib\JCudaDriver-windows-x86_64.dll
0x00007ffa92170000 - 0x00007ffa922fc000 	C:\WINDOWS\SYSTEM32\dbghelp.dll

VM Arguments:
jvm_args: -Djava.library.path=C:\Users\cryoc\workspace\TreeArtJcuda\lib -Dfile.encoding=UTF-8 
java_command: com.github.redstonevalley.arttree.jcuda.TreeArtJcudaApp
java_class_path (initial): C:\Users\cryoc\workspace\TreeArtJcuda\target\classes;C:\Users\cryoc\.m2\repository\org\nd4j\nd4j-jcublas-windows64-6.5\0.0.3.5.5.2\nd4j-jcublas-windows64-6.5-0.0.3.5.5.2.jar;C:\Users\cryoc\.m2\repository\org\nd4j\nd4j-jcublas-common\0.0.3.5.5.2\nd4j-jcublas-common-0.0.3.5.5.2.jar;C:\Users\cryoc\.m2\repository\org\nd4j\jcublas\6.5\jcublas-6.5.jar;C:\Users\cryoc\.m2\repository\org\nd4j\jcuda\6.5\jcuda-6.5.jar;C:\Users\cryoc\.m2\repository\org\nd4j\jcufft\6.5\jcufft-6.5.jar;C:\Users\cryoc\.m2\repository\org\nd4j\jcurand\6.5\jcurand-6.5.jar;C:\Users\cryoc\.m2\repository\org\nd4j\jcusparse\6.5\jcusparse-6.5.jar;C:\Users\cryoc\.m2\repository\junit\junit\4.11\junit-4.11.jar;C:\Users\cryoc\.m2\repository\org\hamcrest\hamcrest-core\1.3\hamcrest-core-1.3.jar;C:\Users\cryoc\.m2\repository\org\nd4j\jcublas-windows64\6.5\jcublas-windows64-6.5.jar;C:\Users\cryoc\.m2\repository\org\nd4j\jcuda-windows64\6.5\jcuda-windows64-6.5.jar;C:\Users\cryoc\.m2\repository\org\nd4j\jcufft-windows64\6.5\jcufft-windows64-6.5.jar;C:\Users\cryoc\.m2\repository\org\nd4j\jcurand-windows64\6.5\jcurand-windows64-6.5.jar;C:\Users\cryoc\.m2\repository\org\nd4j\jcusparse-windows64\6.5\jcusparse-windows64-6.5.jar;C:\Users\cryoc\.m2\repository\org\nd4j\nd4j-api\0.0.3.5.5.2\nd4j-api-0.0.3.5.5.2.jar;C:\Users\cryoc\.m2\repository\org\slf4j\slf4j-api\1.7.6\slf4j-api-1.7.6.jar;C:\Users\cryoc\.m2\repository\org\apache\commons\commons-math3\3.2\commons-math3-3.2.jar;C:\Users\cryoc\.m2\repository\org\apache\commons\commons-lang3\3.3.1\commons-lang3-3.3.1.jar;C:\Users\cryoc\.m2\repository\commons-io\commons-io\1.3.2\commons-io-1.3.2.jar;C:\Users\cryoc\.m2\repository\org\springframework\spring-core\3.2.5.RELEASE\spring-core-3.2.5.RELEASE.jar;C:\Users\cryoc\.m2\repository\commons-logging\commons-logging\1.1.1\commons-logging-1.1.1.jar;C:\Users\cryoc\.m2\repository\com\google\guava\guava\18.0\guava-18.0.jar;C:\Users\cryoc\.m2\repository\com\google\dagger\dagger\2.6.1\dagger-2.6.1.jar;C:\Use
Launcher Type: SUN_STANDARD

Environment Variables:
PATH=C:/Program Files/Java/jre1.8.0_92/bin/server;C:/Program Files/Java/jre1.8.0_92/bin;C:/Program Files/Java/jre1.8.0_92/lib/amd64;C:\Program Files\NVIDIA GPU Computing Toolkit\CUDA\v8.0\bin;C:\Program Files\NVIDIA GPU Computing Toolkit\CUDA\v8.0\libnvvp;C:\Program Files\NVIDIA GPU Computing Toolkit\CUDA\v7.5\bin;C:\Program Files\NVIDIA GPU Computing Toolkit\CUDA\v7.5\libnvvp;C:\ProgramData\Oracle\Java\javapath;C:\Windows\system32;C:\Windows;C:\Windows\System32\Wbem;C:\Windows\System32\WindowsPowerShell\v1.0\;C:\Program Files (x86)\NVIDIA Corporation\PhysX\Common;C:\Program Files (x86)\Windows Kits\10\Windows Performance Toolkit\;C:\WINDOWS\system32;C:\WINDOWS;C:\WINDOWS\System32\Wbem;C:\WINDOWS\System32\WindowsPowerShell\v1.0\;C:\Program Files (x86)\GtkSharp\2.12\bin;C:\Program Files\LLVM\bin;C:\Program Files\NVIDIA Corporation\OpenCL;C:\Program Files\Misc DLLs;C:\Program Files (x86)\Microsoft Visual Studio 14.0\VC\bin;C:\Users\cryoc\Desktop;
USERNAME=cryoc
OS=Windows_NT
PROCESSOR_IDENTIFIER=Intel64 Family 6 Model 94 Stepping 3, GenuineIntel



---------------  S Y S T E M  ---------------

OS: Windows 10.0 , 64 bit Build 10586 (10.0.10586.589)

CPU:total 8 (4 cores per cpu, 2 threads per core) family 6 model 94 stepping 3, cmov, cx8, fxsr, mmx, sse, sse2, sse3, ssse3, sse4.1, sse4.2, popcnt, avx, avx2, aes, clmul, erms, rtm, 3dnowpref, lzcnt, ht, tsc, tscinvbit, bmi1, bmi2, adx

Memory: 4k page, physical 33477564k(27728280k free), swap 38458300k(30757332k free)

vm_info: Java HotSpot(TM) 64-Bit Server VM (25.92-b14) for windows-amd64 JRE (1.8.0_92-b14), built on Mar 31 2016 21:03:04 by "java_re" with MS VC++ 10.0 (VS2010)

time: Wed Sep 14 23:34:20 2016
elapsed time: 0 seconds (0d 0h 0m 0s)

